<?xml version="1.0" encoding="UTF-8"?>
<!-- Generated by org.testng.reporters.JUnitXMLReporter -->
<testsuite ignored="1" hostname="DESKTOP-H586KPP" failures="0" tests="2" name="Project Ecommerce Tests" time="17.958" errors="0" timestamp="2025-10-10T21:02:21 IST">
  <testcase classname="testcases.TC001_AccountRegistration" name="verifyRegistration" time="5.053"/>
  <testcase classname="testcases.TC002_Login" name="verfiyLogin" time="3.682"/>
  <testcase classname="testcases.TC003_DDTLogin" name="verifyLoginWithDDT" time="0.0">
    <ignored/>
  </testcase> <!-- verifyLoginWithDDT -->
</testsuite> <!-- Project Ecommerce Tests -->
