<?xml version="1.0" encoding="UTF-8"?>
<!-- Generated by org.testng.reporters.JUnitXMLReporter -->
<testsuite ignored="0" hostname="DESKTOP-H586KPP" failures="1" tests="1" name="Verify Login" time="18.156" errors="0" timestamp="2025-09-29T20:58:07 IST">
  <testcase classname="testcases.TC002_Login" name="verfiyLogin" time="4.072">
    <failure type="java.lang.AssertionError" message="Title doesn&amp;apos;t matched, login failed expected [My AccountS] but found [My Account]">
      <![CDATA[java.lang.AssertionError: Title doesn't matched, login failed expected [My AccountS] but found [My Account]
at testcases.TC002_Login.verfiyLogin(TC002_Login.java:39)
at java.base/java.util.ArrayList.forEach(ArrayList.java:1596)
at java.base/java.util.concurrent.FutureTask.run(FutureTask.java:317)
at java.base/java.util.concurrent.ThreadPoolExecutor.runWorker(ThreadPoolExecutor.java:1144)
at java.base/java.util.concurrent.ThreadPoolExecutor$Worker.run(ThreadPoolExecutor.java:642)
at java.base/java.lang.Thread.run(Thread.java:1583)
... Removed 20 stack frames]]>
    </failure>
  </testcase> <!-- verfiyLogin -->
</testsuite> <!-- Verify Login -->
