<?xml version="1.0" encoding="UTF-8"?>
<!-- Generated by org.testng.reporters.JUnitXMLReporter -->
<testsuite ignored="0" hostname="DESKTOP-H586KPP" failures="1" tests="1" name="Verify Registration" time="19.659" errors="0" timestamp="2025-09-29T20:58:08 IST">
  <testcase classname="testcases.TC001_AccountRegistration" name="verifyRegistration" time="6.223">
    <failure type="java.lang.AssertionError" message="Message doesn&amp;apos;t matched, registration failed expected [Congratulations! Your new account has been successfully created!!] but found [Congratulations! Your new account has been successfully created!]">
      <![CDATA[java.lang.AssertionError: Message doesn't matched, registration failed expected [Congratulations! Your new account has been successfully created!!] but found [Congratulations! Your new account has been successfully created!]
at testcases.TC001_AccountRegistration.verifyRegistration(TC001_AccountRegistration.java:46)
at java.base/java.util.ArrayList.forEach(ArrayList.java:1596)
at java.base/java.util.concurrent.FutureTask.run(FutureTask.java:317)
at java.base/java.util.concurrent.ThreadPoolExecutor.runWorker(ThreadPoolExecutor.java:1144)
at java.base/java.util.concurrent.ThreadPoolExecutor$Worker.run(ThreadPoolExecutor.java:642)
at java.base/java.lang.Thread.run(Thread.java:1583)
... Removed 20 stack frames]]>
    </failure>
  </testcase> <!-- verifyRegistration -->
</testsuite> <!-- Verify Registration -->
