<?xml version="1.0" encoding="UTF-8"?>
<!-- Generated by org.testng.reporters.JUnitXMLReporter -->
<testsuite ignored="0" hostname="DESKTOP-H586KPP" failures="3" tests="4" name="Verify Login With DDT" time="30.292" errors="0" timestamp="2025-09-30T16:29:55 IST">
  <testcase classname="testcases.TC003_DDTLogin" name="verifyLoginWithDDT" time="3.087">
    <failure type="java.lang.AssertionError" message="Title doesn&amp;apos;t matched, login failed expected [My Account] but found [Account Login]">
      <![CDATA[java.lang.AssertionError: Title doesn't matched, login failed expected [My Account] but found [Account Login]
at testcases.TC003_DDTLogin.verifyLoginWithDDT(TC003_DDTLogin.java:37)
at java.base/java.util.ArrayList.forEach(ArrayList.java:1596)
... Removed 34 stack frames]]>
    </failure>
  </testcase> <!-- verifyLoginWithDDT -->
  <testcase classname="testcases.TC003_DDTLogin" name="verifyLoginWithDDT" time="3.026">
    <failure type="java.lang.AssertionError" message="Title doesn&amp;apos;t matched, login failed expected [My Account] but found [Account Login]">
      <![CDATA[java.lang.AssertionError: Title doesn't matched, login failed expected [My Account] but found [Account Login]
at testcases.TC003_DDTLogin.verifyLoginWithDDT(TC003_DDTLogin.java:37)
at java.base/java.util.ArrayList.forEach(ArrayList.java:1596)
... Removed 34 stack frames]]>
    </failure>
  </testcase> <!-- verifyLoginWithDDT -->
  <testcase classname="testcases.TC003_DDTLogin" name="verifyLoginWithDDT" time="4.491">
    <failure type="java.lang.AssertionError" message="Title doesn&amp;apos;t matched, login failed expected [My Account] but found [Account Login]">
      <![CDATA[java.lang.AssertionError: Title doesn't matched, login failed expected [My Account] but found [Account Login]
at testcases.TC003_DDTLogin.verifyLoginWithDDT(TC003_DDTLogin.java:37)
at java.base/java.util.ArrayList.forEach(ArrayList.java:1596)
... Removed 34 stack frames]]>
    </failure>
  </testcase> <!-- verifyLoginWithDDT -->
  <testcase classname="testcases.TC003_DDTLogin" name="verifyLoginWithDDT" time="4.068"/>
</testsuite> <!-- Verify Login With DDT -->
