<?xml version="1.0" encoding="UTF-8"?>
<testng-results ignored="0" total="2" passed="2" failed="0" skipped="0">
  <reporter-output>
    <line>
      <![CDATA[Clicked on My Account Link]]>
    </line>
    <line>
      <![CDATA[Clicked on Register Link]]>
    </line>
    <line>
      <![CDATA[First name is entered]]>
    </line>
    <line>
      <![CDATA[Last name is entered]]>
    </line>
    <line>
      <![CDATA[Email address is entered]]>
    </line>
    <line>
      <![CDATA[Telephone number is entered]]>
    </line>
    <line>
      <![CDATA[Password is entered]]>
    </line>
    <line>
      <![CDATA[Confirm password is entered]]>
    </line>
    <line>
      <![CDATA[Privacy-policy checkbox is checked]]>
    </line>
    <line>
      <![CDATA[First continue button is clicked]]>
    </line>
    <line>
      <![CDATA[Second continue button is clicked]]>
    </line>
    <line>
      <![CDATA[Clicked on My Account Link]]>
    </line>
    <line>
      <![CDATA[Clicked on Login Link]]>
    </line>
    <line>
      <![CDATA[Email address is entered]]>
    </line>
    <line>
      <![CDATA[Password is entered]]>
    </line>
    <line>
      <![CDATA[Login button is clicked]]>
    </line>
  </reporter-output>
  <suite started-at="2025-09-28T12:38:42 IST" name="Project Ecommerce" finished-at="2025-09-28T12:38:58 IST" duration-ms="15771">
    <groups>
    </groups>
    <test started-at="2025-09-28T12:38:42 IST" name="Verfiy Registration" finished-at="2025-09-28T12:38:53 IST" duration-ms="10514">
      <class name="testcases.TC001_AccountRegistration">
        <test-method is-config="true" signature="launchBrowser()[pri:0, instance:testcases.TC001_AccountRegistration@158da8e]" started-at="2025-09-28T12:38:42 IST" name="launchBrowser" finished-at="2025-09-28T12:38:46 IST" duration-ms="3419" status="PASS">
          <reporter-output>
          </reporter-output>
        </test-method> <!-- launchBrowser -->
        <test-method signature="verifyRegistration()[pri:0, instance:testcases.TC001_AccountRegistration@158da8e]" started-at="2025-09-28T12:38:46 IST" name="verifyRegistration" finished-at="2025-09-28T12:38:52 IST" duration-ms="6640" status="PASS">
          <reporter-output>
            <line>
              <![CDATA[Clicked on My Account Link]]>
            </line>
            <line>
              <![CDATA[Clicked on Register Link]]>
            </line>
            <line>
              <![CDATA[First name is entered]]>
            </line>
            <line>
              <![CDATA[Last name is entered]]>
            </line>
            <line>
              <![CDATA[Email address is entered]]>
            </line>
            <line>
              <![CDATA[Telephone number is entered]]>
            </line>
            <line>
              <![CDATA[Password is entered]]>
            </line>
            <line>
              <![CDATA[Confirm password is entered]]>
            </line>
            <line>
              <![CDATA[Privacy-policy checkbox is checked]]>
            </line>
            <line>
              <![CDATA[First continue button is clicked]]>
            </line>
            <line>
              <![CDATA[Second continue button is clicked]]>
            </line>
          </reporter-output>
        </test-method> <!-- verifyRegistration -->
        <test-method is-config="true" signature="tearDown()[pri:0, instance:testcases.TC001_AccountRegistration@158da8e]" started-at="2025-09-28T12:38:53 IST" name="tearDown" finished-at="2025-09-28T12:38:53 IST" duration-ms="364" status="PASS">
          <reporter-output>
          </reporter-output>
        </test-method> <!-- tearDown -->
      </class> <!-- testcases.TC001_AccountRegistration -->
    </test> <!-- Verfiy Registration -->
    <test started-at="2025-09-28T12:38:53 IST" name="Verfiy Login" finished-at="2025-09-28T12:38:58 IST" duration-ms="5140">
      <class name="testcases.TC002_Login">
        <test-method is-config="true" signature="launchBrowser()[pri:0, instance:testcases.TC002_Login@31304f14]" started-at="2025-09-28T12:38:53 IST" name="launchBrowser" finished-at="2025-09-28T12:38:56 IST" duration-ms="2866" status="PASS">
          <reporter-output>
          </reporter-output>
        </test-method> <!-- launchBrowser -->
        <test-method signature="verfiyLogin()[pri:0, instance:testcases.TC002_Login@31304f14]" started-at="2025-09-28T12:38:56 IST" name="verfiyLogin" finished-at="2025-09-28T12:38:58 IST" duration-ms="2030" status="PASS">
          <reporter-output>
            <line>
              <![CDATA[Clicked on My Account Link]]>
            </line>
            <line>
              <![CDATA[Clicked on Login Link]]>
            </line>
            <line>
              <![CDATA[Email address is entered]]>
            </line>
            <line>
              <![CDATA[Password is entered]]>
            </line>
            <line>
              <![CDATA[Login button is clicked]]>
            </line>
          </reporter-output>
        </test-method> <!-- verfiyLogin -->
        <test-method is-config="true" signature="tearDown()[pri:0, instance:testcases.TC002_Login@31304f14]" started-at="2025-09-28T12:38:58 IST" name="tearDown" finished-at="2025-09-28T12:38:58 IST" duration-ms="241" status="PASS">
          <reporter-output>
          </reporter-output>
        </test-method> <!-- tearDown -->
      </class> <!-- testcases.TC002_Login -->
    </test> <!-- Verfiy Login -->
  </suite> <!-- Project Ecommerce -->
</testng-results>
