<?xml version="1.0" encoding="UTF-8"?>
<testng-results ignored="0" total="2" passed="2" failed="0" skipped="0">
  <reporter-output>
    <line>
      <![CDATA[Clicked on My Account Link]]>
    </line>
    <line>
      <![CDATA[Clicked on Register Link]]>
    </line>
    <line>
      <![CDATA[First name is entered]]>
    </line>
    <line>
      <![CDATA[Last name is entered]]>
    </line>
    <line>
      <![CDATA[Email address is entered]]>
    </line>
    <line>
      <![CDATA[Telephone number is entered]]>
    </line>
    <line>
      <![CDATA[Password is entered]]>
    </line>
    <line>
      <![CDATA[Confirm password is entered]]>
    </line>
    <line>
      <![CDATA[Privacy-policy checkbox is checked]]>
    </line>
    <line>
      <![CDATA[First continue button is clicked]]>
    </line>
    <line>
      <![CDATA[Second continue button is clicked]]>
    </line>
    <line>
      <![CDATA[Clicked on My Account Link]]>
    </line>
    <line>
      <![CDATA[Clicked on Login Link]]>
    </line>
    <line>
      <![CDATA[Email address is entered]]>
    </line>
    <line>
      <![CDATA[Password is entered]]>
    </line>
    <line>
      <![CDATA[Login button is clicked]]>
    </line>
  </reporter-output>
  <suite started-at="2025-09-29T21:44:23 IST" name="Project Ecommerce" finished-at="2025-09-29T21:44:39 IST" duration-ms="16205">
    <groups>
    </groups>
    <test started-at="2025-09-29T21:44:23 IST" name="Verify Registration" finished-at="2025-09-29T21:44:33 IST" duration-ms="10235">
      <class name="testcases.TC001_AccountRegistration">
        <test-method is-config="true" signature="launchBrowser(java.lang.String,java.lang.String)[pri:0, instance:testcases.TC001_AccountRegistration@694abbdc]" started-at="2025-09-29T21:44:23 IST" name="launchBrowser" finished-at="2025-09-29T21:44:28 IST" duration-ms="5111" status="PASS">
          <params>
            <param index="0">
              <value>
                <![CDATA[windows]]>
              </value>
            </param>
            <param index="1">
              <value>
                <![CDATA[chrome]]>
              </value>
            </param>
          </params>
          <reporter-output>
          </reporter-output>
        </test-method> <!-- launchBrowser -->
        <test-method signature="verifyRegistration()[pri:0, instance:testcases.TC001_AccountRegistration@694abbdc]" started-at="2025-09-29T21:44:28 IST" name="verifyRegistration" finished-at="2025-09-29T21:44:33 IST" duration-ms="4778" status="PASS">
          <reporter-output>
            <line>
              <![CDATA[Clicked on My Account Link]]>
            </line>
            <line>
              <![CDATA[Clicked on Register Link]]>
            </line>
            <line>
              <![CDATA[First name is entered]]>
            </line>
            <line>
              <![CDATA[Last name is entered]]>
            </line>
            <line>
              <![CDATA[Email address is entered]]>
            </line>
            <line>
              <![CDATA[Telephone number is entered]]>
            </line>
            <line>
              <![CDATA[Password is entered]]>
            </line>
            <line>
              <![CDATA[Confirm password is entered]]>
            </line>
            <line>
              <![CDATA[Privacy-policy checkbox is checked]]>
            </line>
            <line>
              <![CDATA[First continue button is clicked]]>
            </line>
            <line>
              <![CDATA[Second continue button is clicked]]>
            </line>
          </reporter-output>
        </test-method> <!-- verifyRegistration -->
        <test-method is-config="true" signature="tearDown()[pri:0, instance:testcases.TC001_AccountRegistration@694abbdc]" started-at="2025-09-29T21:44:33 IST" name="tearDown" finished-at="2025-09-29T21:44:33 IST" duration-ms="245" status="PASS">
          <reporter-output>
          </reporter-output>
        </test-method> <!-- tearDown -->
      </class> <!-- testcases.TC001_AccountRegistration -->
    </test> <!-- Verify Registration -->
    <test started-at="2025-09-29T21:44:33 IST" name="Verify Login" finished-at="2025-09-29T21:44:39 IST" duration-ms="5926">
      <class name="testcases.TC002_Login">
        <test-method is-config="true" signature="launchBrowser(java.lang.String,java.lang.String)[pri:0, instance:testcases.TC002_Login@4d5d943d]" started-at="2025-09-29T21:44:33 IST" name="launchBrowser" finished-at="2025-09-29T21:44:35 IST" duration-ms="2266" status="PASS">
          <params>
            <param index="0">
              <value>
                <![CDATA[windows]]>
              </value>
            </param>
            <param index="1">
              <value>
                <![CDATA[chrome]]>
              </value>
            </param>
          </params>
          <reporter-output>
          </reporter-output>
        </test-method> <!-- launchBrowser -->
        <test-method signature="verfiyLogin()[pri:0, instance:testcases.TC002_Login@4d5d943d]" started-at="2025-09-29T21:44:35 IST" name="verfiyLogin" finished-at="2025-09-29T21:44:39 IST" duration-ms="3409" status="PASS">
          <reporter-output>
            <line>
              <![CDATA[Clicked on My Account Link]]>
            </line>
            <line>
              <![CDATA[Clicked on Login Link]]>
            </line>
            <line>
              <![CDATA[Email address is entered]]>
            </line>
            <line>
              <![CDATA[Password is entered]]>
            </line>
            <line>
              <![CDATA[Login button is clicked]]>
            </line>
          </reporter-output>
        </test-method> <!-- verfiyLogin -->
        <test-method is-config="true" signature="tearDown()[pri:0, instance:testcases.TC002_Login@4d5d943d]" started-at="2025-09-29T21:44:39 IST" name="tearDown" finished-at="2025-09-29T21:44:39 IST" duration-ms="247" status="PASS">
          <reporter-output>
          </reporter-output>
        </test-method> <!-- tearDown -->
      </class> <!-- testcases.TC002_Login -->
    </test> <!-- Verify Login -->
  </suite> <!-- Project Ecommerce -->
</testng-results>
