<?xml version="1.0" encoding="UTF-8"?>
<!-- Generated by org.testng.reporters.JUnitXMLReporter -->
<testsuite ignored="1" hostname="DESKTOP-H586KPP" failures="2" tests="2" name="Verify Registration" time="24.052" errors="0" timestamp="2025-10-08T17:40:16 IST">
  <testcase classname="testcases.TC001_AccountRegistration" name="verifyRegistration" time="9.638">
    <failure type="java.lang.AssertionError" message="Message doesn&amp;apos;t matched, registration failed expected [Congratulations! Your new account has been successfully created!!] but found [Congratulations! Your new account has been successfully created!]">
      <![CDATA[java.lang.AssertionError: Message doesn't matched, registration failed expected [Congratulations! Your new account has been successfully created!!] but found [Congratulations! Your new account has been successfully created!]
at testcases.TC001_AccountRegistration.verifyRegistration(TC001_AccountRegistration.java:44)
at java.base/java.util.ArrayList.forEach(ArrayList.java:1596)
... Removed 30 stack frames]]>
    </failure>
  </testcase> <!-- verifyRegistration -->
  <testcase classname="testcases.TC002_Login" name="verfiyLogin" time="3.328">
    <failure type="java.lang.AssertionError" message="Title doesn&amp;apos;t matched, login failed expected [My Account] but found [Account Login]">
      <![CDATA[java.lang.AssertionError: Title doesn't matched, login failed expected [My Account] but found [Account Login]
at testcases.TC002_Login.verfiyLogin(TC002_Login.java:34)
at java.base/java.util.ArrayList.forEach(ArrayList.java:1596)
... Removed 30 stack frames]]>
    </failure>
  </testcase> <!-- verfiyLogin -->
  <testcase classname="testcases.TC003_DDTLogin" name="verifyLoginWithDDT" time="0.0">
    <ignored/>
  </testcase> <!-- verifyLoginWithDDT -->
</testsuite> <!-- Verify Registration -->
