<?xml version="1.0" encoding="UTF-8"?>
<testng-results ignored="0" total="2" passed="2" failed="0" skipped="0">
  <reporter-output>
    <line>
      <![CDATA[Clicked on My Account Link]]>
    </line>
    <line>
      <![CDATA[Clicked on Register Link]]>
    </line>
    <line>
      <![CDATA[First name is entered]]>
    </line>
    <line>
      <![CDATA[Last name is entered]]>
    </line>
    <line>
      <![CDATA[Email address is entered]]>
    </line>
    <line>
      <![CDATA[Telephone number is entered]]>
    </line>
    <line>
      <![CDATA[Password is entered]]>
    </line>
    <line>
      <![CDATA[Confirm password is entered]]>
    </line>
    <line>
      <![CDATA[Privacy-policy checkbox is checked]]>
    </line>
    <line>
      <![CDATA[First continue button is clicked]]>
    </line>
    <line>
      <![CDATA[Second continue button is clicked]]>
    </line>
    <line>
      <![CDATA[Clicked on My Account Link]]>
    </line>
    <line>
      <![CDATA[Clicked on Login Link]]>
    </line>
    <line>
      <![CDATA[Email address is entered]]>
    </line>
    <line>
      <![CDATA[Password is entered]]>
    </line>
    <line>
      <![CDATA[Login button is clicked]]>
    </line>
  </reporter-output>
  <suite started-at="2025-09-28T13:25:22 IST" name="Project Ecommerce" finished-at="2025-09-28T13:25:39 IST" duration-ms="17073">
    <groups>
    </groups>
    <test started-at="2025-09-28T13:25:22 IST" name="Verfiy Registration" finished-at="2025-09-28T13:25:33 IST" duration-ms="10740">
      <class name="testcases.TC001_AccountRegistration">
        <test-method is-config="true" signature="launchBrowser()[pri:0, instance:testcases.TC001_AccountRegistration@34e9fd99]" started-at="2025-09-28T13:25:22 IST" name="launchBrowser" finished-at="2025-09-28T13:25:27 IST" duration-ms="5095" status="PASS">
          <reporter-output>
          </reporter-output>
        </test-method> <!-- launchBrowser -->
        <test-method signature="verifyRegistration()[pri:0, instance:testcases.TC001_AccountRegistration@34e9fd99]" started-at="2025-09-28T13:25:27 IST" name="verifyRegistration" finished-at="2025-09-28T13:25:33 IST" duration-ms="5158" status="PASS">
          <reporter-output>
            <line>
              <![CDATA[Clicked on My Account Link]]>
            </line>
            <line>
              <![CDATA[Clicked on Register Link]]>
            </line>
            <line>
              <![CDATA[First name is entered]]>
            </line>
            <line>
              <![CDATA[Last name is entered]]>
            </line>
            <line>
              <![CDATA[Email address is entered]]>
            </line>
            <line>
              <![CDATA[Telephone number is entered]]>
            </line>
            <line>
              <![CDATA[Password is entered]]>
            </line>
            <line>
              <![CDATA[Confirm password is entered]]>
            </line>
            <line>
              <![CDATA[Privacy-policy checkbox is checked]]>
            </line>
            <line>
              <![CDATA[First continue button is clicked]]>
            </line>
            <line>
              <![CDATA[Second continue button is clicked]]>
            </line>
          </reporter-output>
        </test-method> <!-- verifyRegistration -->
        <test-method is-config="true" signature="tearDown()[pri:0, instance:testcases.TC001_AccountRegistration@34e9fd99]" started-at="2025-09-28T13:25:33 IST" name="tearDown" finished-at="2025-09-28T13:25:33 IST" duration-ms="394" status="PASS">
          <reporter-output>
          </reporter-output>
        </test-method> <!-- tearDown -->
      </class> <!-- testcases.TC001_AccountRegistration -->
    </test> <!-- Verfiy Registration -->
    <test started-at="2025-09-28T13:25:33 IST" name="Verfiy Login" finished-at="2025-09-28T13:25:39 IST" duration-ms="6212">
      <class name="testcases.TC002_Login">
        <test-method is-config="true" signature="launchBrowser()[pri:0, instance:testcases.TC002_Login@6913c1fb]" started-at="2025-09-28T13:25:33 IST" name="launchBrowser" finished-at="2025-09-28T13:25:36 IST" duration-ms="2784" status="PASS">
          <reporter-output>
          </reporter-output>
        </test-method> <!-- launchBrowser -->
        <test-method signature="verfiyLogin()[pri:0, instance:testcases.TC002_Login@6913c1fb]" started-at="2025-09-28T13:25:36 IST" name="verfiyLogin" finished-at="2025-09-28T13:25:39 IST" duration-ms="3134" status="PASS">
          <reporter-output>
            <line>
              <![CDATA[Clicked on My Account Link]]>
            </line>
            <line>
              <![CDATA[Clicked on Login Link]]>
            </line>
            <line>
              <![CDATA[Email address is entered]]>
            </line>
            <line>
              <![CDATA[Password is entered]]>
            </line>
            <line>
              <![CDATA[Login button is clicked]]>
            </line>
          </reporter-output>
        </test-method> <!-- verfiyLogin -->
        <test-method is-config="true" signature="tearDown()[pri:0, instance:testcases.TC002_Login@6913c1fb]" started-at="2025-09-28T13:25:39 IST" name="tearDown" finished-at="2025-09-28T13:25:39 IST" duration-ms="281" status="PASS">
          <reporter-output>
          </reporter-output>
        </test-method> <!-- tearDown -->
      </class> <!-- testcases.TC002_Login -->
    </test> <!-- Verfiy Login -->
  </suite> <!-- Project Ecommerce -->
</testng-results>
