<?xml version="1.0" encoding="UTF-8"?>
<!-- Generated by org.testng.reporters.JUnitReportReporter -->
<testsuite hostname="DESKTOP-H586KPP" failures="1" tests="1" name="testcases.TC001_AccountRegistration" time="15.874" errors="0" timestamp="2025-10-08T17:40:16 IST" skipped="0">
  <testcase classname="testcases.TC001_AccountRegistration" name="verifyRegistration" time="15.874">
    <failure message="Message doesn&#039;t matched, registration failed expected [Congratulations! Your new account has been successfully created!!] but found [Congratulations! Your new account has been successfully created!]" type="java.lang.AssertionError">
      <![CDATA[java.lang.AssertionError: Message doesn't matched, registration failed expected [Congratulations! Your new account has been successfully created!!] but found [Congratulations! Your new account has been successfully created!]
at org.testng.Assert.fail(Assert.java:111)
at org.testng.Assert.failNotEquals(Assert.java:1590)
at org.testng.Assert.assertEqualsImpl(Assert.java:150)
at org.testng.Assert.assertEquals(Assert.java:132)
at org.testng.Assert.assertEquals(Assert.java:656)
at testcases.TC001_AccountRegistration.verifyRegistration(TC001_AccountRegistration.java:44)
at java.base/jdk.internal.reflect.DirectMethodHandleAccessor.invoke(DirectMethodHandleAccessor.java:103)
at java.base/java.lang.reflect.Method.invoke(Method.java:580)
at org.testng.internal.invokers.MethodInvocationHelper.invokeMethod(MethodInvocationHelper.java:141)
at org.testng.internal.invokers.TestInvoker.invokeMethod(TestInvoker.java:687)
at org.testng.internal.invokers.TestInvoker.invokeTestMethod(TestInvoker.java:230)
at org.testng.internal.invokers.MethodRunner.runInSequence(MethodRunner.java:63)
at org.testng.internal.invokers.TestInvoker$MethodInvocationAgent.invoke(TestInvoker.java:995)
at org.testng.internal.invokers.TestInvoker.invokeTestMethods(TestInvoker.java:203)
at org.testng.internal.invokers.TestMethodWorker.invokeTestMethods(TestMethodWorker.java:154)
at org.testng.internal.invokers.TestMethodWorker.run(TestMethodWorker.java:134)
at java.base/java.util.ArrayList.forEach(ArrayList.java:1596)
at org.testng.TestRunner.privateRun(TestRunner.java:741)
at org.testng.TestRunner.run(TestRunner.java:616)
at org.testng.SuiteRunner.runTest(SuiteRunner.java:421)
at org.testng.SuiteRunner.runSequentially(SuiteRunner.java:413)
at org.testng.SuiteRunner.privateRun(SuiteRunner.java:373)
at org.testng.SuiteRunner.run(SuiteRunner.java:312)
at org.testng.SuiteRunnerWorker.runSuite(SuiteRunnerWorker.java:52)
at org.testng.SuiteRunnerWorker.run(SuiteRunnerWorker.java:95)
at org.testng.TestNG.runSuitesSequentially(TestNG.java:1274)
at org.testng.TestNG.runSuitesLocally(TestNG.java:1208)
at org.testng.TestNG.runSuites(TestNG.java:1112)
at org.testng.TestNG.run(TestNG.java:1079)
at org.testng.remote.AbstractRemoteTestNG.run(AbstractRemoteTestNG.java:115)
at org.testng.remote.RemoteTestNG.initAndRun(RemoteTestNG.java:293)
at org.testng.remote.RemoteTestNG.main(RemoteTestNG.java:91)
]]>
    </failure>
    <system-out>
      <![CDATA[Clicked on My Account Link
Clicked on Register Link
First name is entered
Last name is entered
Email address is entered
Telephone number is entered
Password is entered
Confirm password is entered
Privacy-policy checkbox is checked
First continue button is clicked]]>
    </system-out>
  </testcase> <!-- verifyRegistration -->
  <system-out>
    <![CDATA[Clicked on My Account Link
Clicked on Register Link
First name is entered
Last name is entered
Email address is entered
Telephone number is entered
Password is entered
Confirm password is entered
Privacy-policy checkbox is checked
First continue button is clicked
Clicked on My Account Link
Clicked on Login Link
Email address is entered
Password is entered
Login button is clicked]]>
  </system-out>
</testsuite> <!-- testcases.TC001_AccountRegistration -->
