<?xml version="1.0" encoding="UTF-8"?>
<!-- Generated by org.testng.reporters.JUnitReportReporter -->
<testsuite hostname="DESKTOP-H586KPP" failures="0" tests="1" name="testcases.TC001_AccountRegistration" time="10.134" errors="0" timestamp="2025-09-29T21:44:39 IST" skipped="0">
  <testcase classname="testcases.TC001_AccountRegistration" name="verifyRegistration" time="10.134">
    <system-out>
      <![CDATA[Clicked on My Account Link
Clicked on Register Link
First name is entered
Last name is entered
Email address is entered
Telephone number is entered
Password is entered
Confirm password is entered
Privacy-policy checkbox is checked
First continue button is clicked
Second continue button is clicked]]>
    </system-out>
  </testcase> <!-- verifyRegistration -->
  <system-out>
    <![CDATA[Clicked on My Account Link
Clicked on Register Link
First name is entered
Last name is entered
Email address is entered
Telephone number is entered
Password is entered
Confirm password is entered
Privacy-policy checkbox is checked
First continue button is clicked
Second continue button is clicked
Clicked on My Account Link
Clicked on Login Link
Email address is entered
Password is entered
Login button is clicked]]>
  </system-out>
</testsuite> <!-- testcases.TC001_AccountRegistration -->
